<?xml version="1.0" encoding="UTF-8"?>
<!-- Generated by org.testng.reporters.JUnitReportReporter -->
<testsuite skipped="0" hostname="IBM931-PC073D58" name="com.ibm.jerkins.com.ibm.jerkins.NormaldemoTest" tests="1" failures="0" timestamp="04 Jan 2019 06:39:26 GMT" time="40.058" errors="0">
  <testcase name="launchapp" time="40.058" classname="com.ibm.jerkins.com.ibm.jerkins.NormaldemoTest"/>
</testsuite> <!-- com.ibm.jerkins.com.ibm.jerkins.NormaldemoTest -->
